<?xml version="1.0" encoding="UTF-8"?>
<testng-results skipped="0" failed="0" total="2" passed="2">
  <reporter-output>
  </reporter-output>
  <suite name="Suite 1" duration-ms="30" started-at="2017-10-04T03:38:31Z" finished-at="2017-10-04T03:38:31Z">
    <groups>
    </groups>
    <test name="TestA" duration-ms="30" started-at="2017-10-04T03:38:31Z" finished-at="2017-10-04T03:38:31Z">
      <class name="testNgJenkins.TestJenkins">
        <test-method status="PASS" signature="executeFib()[pri:0, instance:testNgJenkins.TestJenkins@3551a94]" name="executeFib" duration-ms="12" started-at="2017-10-03T22:38:31Z" finished-at="2017-10-03T22:38:31Z">
          <reporter-output>
          </reporter-output>
        </test-method> <!-- executeFib -->
        <test-method status="PASS" signature="executeReverse()[pri:0, instance:testNgJenkins.TestJenkins@3551a94]" name="executeReverse" duration-ms="2" started-at="2017-10-03T22:38:31Z" finished-at="2017-10-03T22:38:31Z">
          <reporter-output>
          </reporter-output>
        </test-method> <!-- executeReverse -->
      </class> <!-- testNgJenkins.TestJenkins -->
    </test> <!-- TestA -->
  </suite> <!-- Suite 1 -->
</testng-results>
